<?xml version='1.0' encoding='UTF-8' ?>
<testsuite name="com.EssentialWidget.org.ExampleInstrumentedTest" tests="1" failures="0" errors="0" skipped="0" time="0.518" timestamp="2025-12-12T20:52:04" hostname="localhost">
  <properties>
    <property name="device" value="Medium_Phone_API_36.1(AVD) - 16" />
    <property name="flavor" value="" />
    <property name="project" value=":app" />
  </properties>
  <testcase name="useAppContext" classname="com.EssentialWidget.org.ExampleInstrumentedTest" time="0.022" />
</testsuite>